<?xml version="1.0" encoding="UTF-8" ?>
<testsuite tests="1" failures="1" name="com.rabbit.first.test.controller.TestController" time="0.213" errors="0"
           skipped="0">
    <properties>
        <property name="idea.version" value="2017.2"/>
        <property name="java.runtime.name" value="Java(TM) SE Runtime Environment"/>
        <property name="sun.boot.library.path"
                  value="/Library/Java/JavaVirtualMachines/jdk1.8.0_65.jdk/Contents/Home/jre/lib"/>
        <property name="java.vm.version" value="25.65-b01"/>
        <property name="gopherProxySet" value="false"/>
        <property name="java.vm.vendor" value="Oracle Corporation"/>
        <property name="maven.multiModuleProjectDirectory" value="/Users/Mr.Rabbit/Documents/Intellij/P/fstDay"/>
        <property name="java.vendor.url" value="http://java.oracle.com/"/>
        <property name="path.separator" value=":"/>
        <property name="guice.disable.misplaced.annotation.check" value="true"/>
        <property name="java.vm.name" value="Java HotSpot(TM) 64-Bit Server VM"/>
        <property name="file.encoding.pkg" value="sun.io"/>
        <property name="user.country" value="CN"/>
        <property name="sun.java.launcher" value="SUN_STANDARD"/>
        <property name="sun.os.patch.level" value="unknown"/>
        <property name="java.vm.specification.name" value="Java Virtual Machine Specification"/>
        <property name="user.dir" value="/Users/Mr.Rabbit/Documents/Intellij/P/fstDay"/>
        <property name="java.runtime.version" value="1.8.0_65-b17"/>
        <property name="java.awt.graphicsenv" value="sun.awt.CGraphicsEnvironment"/>
        <property name="java.endorsed.dirs"
                  value="/Library/Java/JavaVirtualMachines/jdk1.8.0_65.jdk/Contents/Home/jre/lib/endorsed"/>
        <property name="os.arch" value="x86_64"/>
        <property name="java.io.tmpdir" value="/var/folders/v2/z8pqvpw12j5_gl0jyb_zmf4r0000gn/T/"/>
        <property name="line.separator" value="
"/>
        <property name="java.vm.specification.vendor" value="Oracle Corporation"/>
        <property name="os.name" value="Mac OS X"/>
        <property name="classworlds.conf" value="/usr/local/Cellar/maven/3.5.0/libexec/bin/m2.conf"/>
        <property name="sun.jnu.encoding" value="UTF-8"/>
        <property name="java.library.path"
                  value="/Users/Mr.Rabbit/Library/Java/Extensions:/Library/Java/Extensions:/Network/Library/Java/Extensions:/System/Library/Java/Extensions:/usr/lib/java:."/>
        <property name="maven.conf" value="/usr/local/Cellar/maven/3.5.0/libexec/conf"/>
        <property name="java.specification.name" value="Java Platform API Specification"/>
        <property name="java.class.version" value="52.0"/>
        <property name="sun.management.compiler" value="HotSpot 64-Bit Tiered Compilers"/>
        <property name="os.version" value="10.12.5"/>
        <property name="library.jansi.path" value="/usr/local/Cellar/maven/3.5.0/libexec/lib/jansi-native/osx64"/>
        <property name="user.home" value="/Users/Mr.Rabbit"/>
        <property name="user.timezone" value="Asia/Shanghai"/>
        <property name="java.awt.printerjob" value="sun.lwawt.macosx.CPrinterJob"/>
        <property name="java.specification.version" value="1.8"/>
        <property name="file.encoding" value="UTF-8"/>
        <property name="user.name" value="Mr.Rabbit"/>
        <property name="java.class.path"
                  value="/usr/local/Cellar/maven/3.5.0/libexec/boot/plexus-classworlds-2.5.2.jar:/Users/Mr.Rabbit/Library/Application Support/JetBrains/Toolbox/apps/IDEA-U/ch-1/172.3317.76/IntelliJ IDEA.app/Contents/lib/idea_rt.jar"/>
        <property name="java.vm.specification.version" value="1.8"/>
        <property name="sun.arch.data.model" value="64"/>
        <property name="java.home" value="/Library/Java/JavaVirtualMachines/jdk1.8.0_65.jdk/Contents/Home/jre"/>
        <property name="sun.java.command" value="org.codehaus.classworlds.Launcher -Didea.version=2017.2 deploy"/>
        <property name="java.specification.vendor" value="Oracle Corporation"/>
        <property name="user.language" value="zh"/>
        <property name="awt.toolkit" value="sun.lwawt.macosx.LWCToolkit"/>
        <property name="java.vm.info" value="mixed mode"/>
        <property name="java.version" value="1.8.0_65"/>
        <property name="java.ext.dirs"
                  value="/Users/Mr.Rabbit/Library/Java/Extensions:/Library/Java/JavaVirtualMachines/jdk1.8.0_65.jdk/Contents/Home/jre/lib/ext:/Library/Java/Extensions:/Network/Library/Java/Extensions:/System/Library/Java/Extensions:/usr/lib/java"/>
        <property name="sun.boot.class.path"
                  value="/Library/Java/JavaVirtualMachines/jdk1.8.0_65.jdk/Contents/Home/jre/lib/resources.jar:/Library/Java/JavaVirtualMachines/jdk1.8.0_65.jdk/Contents/Home/jre/lib/rt.jar:/Library/Java/JavaVirtualMachines/jdk1.8.0_65.jdk/Contents/Home/jre/lib/sunrsasign.jar:/Library/Java/JavaVirtualMachines/jdk1.8.0_65.jdk/Contents/Home/jre/lib/jsse.jar:/Library/Java/JavaVirtualMachines/jdk1.8.0_65.jdk/Contents/Home/jre/lib/jce.jar:/Library/Java/JavaVirtualMachines/jdk1.8.0_65.jdk/Contents/Home/jre/lib/charsets.jar:/Library/Java/JavaVirtualMachines/jdk1.8.0_65.jdk/Contents/Home/jre/lib/jfr.jar:/Library/Java/JavaVirtualMachines/jdk1.8.0_65.jdk/Contents/Home/jre/classes"/>
        <property name="java.vendor" value="Oracle Corporation"/>
        <property name="maven.home" value="/usr/local/Cellar/maven/3.5.0/libexec"/>
        <property name="file.separator" value="/"/>
        <property name="java.vendor.url.bug" value="http://bugreport.sun.com/bugreport/"/>
        <property name="sun.cpu.endian" value="little"/>
        <property name="sun.io.unicode.encoding" value="UnicodeBig"/>
        <property name="sun.cpu.isalist" value=""/>
    </properties>
    <testcase classname="com.rabbit.first.test.controller.TestController" name="beforeSuite" time="0.213">
        <failure message="cannot create JDBC datasource named myDS"
                 type="bitronix.tm.resource.ResourceConfigurationException">
            bitronix.tm.resource.ResourceConfigurationException: cannot create JDBC datasource named myDS
            at bitronix.tm.resource.jdbc.PoolingDataSource.init(PoolingDataSource.java:92)
            at com.rabbit.first.common.jpwh.env.TransactionManagerSetup.&lt;init&gt;(TransactionManagerSetup.java:76)
            at com.rabbit.first.common.jpwh.env.TransactionManagerTest.beforeSuite(TransactionManagerTest.java:35)
            at sun.reflect.NativeMethodAccessorImpl.invoke0(Native Method)
            at sun.reflect.NativeMethodAccessorImpl.invoke(NativeMethodAccessorImpl.java:62)
            at sun.reflect.DelegatingMethodAccessorImpl.invoke(DelegatingMethodAccessorImpl.java:43)
            at java.lang.reflect.Method.invoke(Method.java:497)
            at org.testng.internal.MethodInvocationHelper.invokeMethod(MethodInvocationHelper.java:84)
            at org.testng.internal.Invoker.invokeConfigurationMethod(Invoker.java:564)
            at org.testng.internal.Invoker.invokeConfigurations(Invoker.java:213)
            at org.testng.internal.Invoker.invokeConfigurations(Invoker.java:138)
            at org.testng.SuiteRunner.privateRun(SuiteRunner.java:291)
            at org.testng.SuiteRunner.run(SuiteRunner.java:254)
            at org.testng.SuiteRunnerWorker.runSuite(SuiteRunnerWorker.java:52)
            at org.testng.SuiteRunnerWorker.run(SuiteRunnerWorker.java:86)
            at org.testng.TestNG.runSuitesSequentially(TestNG.java:1224)
            at org.testng.TestNG.runSuitesLocally(TestNG.java:1149)
            at org.testng.TestNG.run(TestNG.java:1057)
            at org.apache.maven.surefire.testng.TestNGExecutor.run(TestNGExecutor.java:77)
            at org.apache.maven.surefire.testng.TestNGDirectoryTestSuite.execute(TestNGDirectoryTestSuite.java:110)
            at org.apache.maven.surefire.testng.TestNGProvider.invoke(TestNGProvider.java:106)
            at sun.reflect.NativeMethodAccessorImpl.invoke0(Native Method)
            at sun.reflect.NativeMethodAccessorImpl.invoke(NativeMethodAccessorImpl.java:62)
            at sun.reflect.DelegatingMethodAccessorImpl.invoke(DelegatingMethodAccessorImpl.java:43)
            at java.lang.reflect.Method.invoke(Method.java:497)
            at org.apache.maven.surefire.util.ReflectionUtils.invokeMethodWithArray(ReflectionUtils.java:189)
            at org.apache.maven.surefire.booter.ProviderFactory$ProviderProxy.invoke(ProviderFactory.java:165)
            at org.apache.maven.surefire.booter.ProviderFactory.invokeProvider(ProviderFactory.java:85)
            at org.apache.maven.surefire.booter.ForkedBooter.runSuitesInProcess(ForkedBooter.java:115)
            at org.apache.maven.surefire.booter.ForkedBooter.main(ForkedBooter.java:75)
            Caused by: java.lang.ClassNotFoundException: org.h2.jdbcx.JdbcDataSource
            at java.net.URLClassLoader.findClass(URLClassLoader.java:381)
            at java.lang.ClassLoader.loadClass(ClassLoader.java:424)
            at sun.misc.Launcher$AppClassLoader.loadClass(Launcher.java:331)
            at java.lang.ClassLoader.loadClass(ClassLoader.java:357)
            at java.lang.Class.forName0(Native Method)
            at java.lang.Class.forName(Class.java:264)
            at bitronix.tm.utils.ClassLoaderUtils.loadClass(ClassLoaderUtils.java:63)
            at bitronix.tm.resource.common.XAPool.createXAFactory(XAPool.java:292)
            at bitronix.tm.resource.common.XAPool.&lt;init&gt;(XAPool.java:63)
            at bitronix.tm.resource.jdbc.PoolingDataSource.buildXAPool(PoolingDataSource.java:101)
            at bitronix.tm.resource.jdbc.PoolingDataSource.init(PoolingDataSource.java:88)
            ... 29 more
            Caused by: java.lang.ClassNotFoundException: org.h2.jdbcx.JdbcDataSource
            at java.net.URLClassLoader.findClass(URLClassLoader.java:381)
            at java.lang.ClassLoader.loadClass(ClassLoader.java:424)
            at sun.misc.Launcher$AppClassLoader.loadClass(Launcher.java:331)
            at java.lang.ClassLoader.loadClass(ClassLoader.java:357)
            at java.lang.Class.forName0(Native Method)
            at java.lang.Class.forName(Class.java:264)
            at bitronix.tm.utils.ClassLoaderUtils.loadClass(ClassLoaderUtils.java:63)
            at bitronix.tm.resource.common.XAPool.createXAFactory(XAPool.java:292)
            at bitronix.tm.resource.common.XAPool.&lt;init&gt;(XAPool.java:63)
            at bitronix.tm.resource.jdbc.PoolingDataSource.buildXAPool(PoolingDataSource.java:101)
            at bitronix.tm.resource.jdbc.PoolingDataSource.init(PoolingDataSource.java:88)
            ... 29 more
        </failure>
        <system-out>Configuring TestNG with: org.apache.maven.surefire.testng.conf.TestNG652Configurator@18e8568
        </system-out>
        <system-err>SLF4J: Failed to load class &quot;org.slf4j.impl.StaticLoggerBinder&quot;.
            SLF4J: Defaulting to no-operation (NOP) logger implementation
            SLF4J: See http://www.slf4j.org/codes.html#StaticLoggerBinder for further details.
            ?? 15, 2017 7:16:02 ?? com.rabbit.first.common.jpwh.env.TransactionManagerSetup &lt;init&gt;
            ??: Setting up database connection: H2
        </system-err>
    </testcase>
</testsuite>